# JRE version: OpenJDK Runtime Environment (17.0.6) (build 17.0.6+0-b2043.56-10027231)
# Java VM: OpenJDK 64-Bit Server VM (17.0.6+0-b2043.56-10027231, mixed mode, tiered, compressed oops, compressed class ptrs, g1 gc, windows-amd64)
GC Precious Log:
 CPUs: 4 total, 4 available
 Memory: 7897M
 Large Page Support: Disabled
 NUMA Support: Disabled
 Compressed Oops: Enabled (Zero based)
 Heap Region Size: 2M
 Heap Min Capacity: 8M
 Heap Initial Capacity: 124M
 Heap Max Capacity: 4G
 Pre-touch: Disabled
 Parallel Workers: 4
 Concurrent Workers: 1
 Concurrent Refinement Workers: 4
 Periodic GC: Disabled
Heap:
 garbage-first heap   total 628736K, used 202236K [0x0000000700000000, 0x0000000800000000)
  region size 2048K, 11 young (22528K), 6 survivors (12288K)
 Metaspace       used 165611K, committed 166592K, reserved 1196032K
  class space    used 21815K, committed 22272K, reserved 1048576K
GC Heap History (20 events):
Event: 206.841 GC heap before
{Heap before GC invocations=105 (full 0):
 garbage-first heap   total 659456K, used 563040K [0x0000000700000000, 0x0000000800000000)
  region size 2048K, 167 young (342016K), 5 survivors (10240K)
 Metaspace       used 140772K, committed 141632K, reserved 1171456K
  class space    used 18837K, committed 19264K, reserved 1048576K
}
Event: 206.857 GC heap after
{Heap after GC invocations=106 (full 0):
 garbage-first heap   total 659456K, used 226440K [0x0000000700000000, 0x0000000800000000)
  region size 2048K, 3 young (6144K), 3 survivors (6144K)
 Metaspace       used 140772K, committed 141632K, reserved 1171456K
  class space    used 18837K, committed 19264K, reserved 1048576K
}
Event: 207.216 GC heap before
{Heap before GC invocations=106 (full 0):
 garbage-first heap   total 659456K, used 253064K [0x0000000700000000, 0x0000000800000000)
  region size 2048K, 16 young (32768K), 3 survivors (6144K)
 Metaspace       used 140808K, committed 141632K, reserved 1171456K
  class space    used 18838K, committed 19264K, reserved 1048576K
}
Event: 207.263 GC heap after
{Heap after GC invocations=107 (full 0):
 garbage-first heap   total 659456K, used 202932K [0x0000000700000000, 0x0000000800000000)
  region size 2048K, 1 young (2048K), 1 survivors (2048K)
 Metaspace       used 140808K, committed 141632K, reserved 1171456K
  class space    used 18838K, committed 19264K, reserved 1048576K
}
Event: 216.173 GC heap before
{Heap before GC invocations=107 (full 0):
 garbage-first heap   total 659456K, used 590004K [0x0000000700000000, 0x0000000800000000)
  region size 2048K, 178 young (364544K), 1 survivors (2048K)
 Metaspace       used 143061K, committed 143936K, reserved 1179648K
  class space    used 19096K, committed 19520K, reserved 1048576K
}
Event: 216.385 GC heap after
{Heap after GC invocations=108 (full 0):
 garbage-first heap   total 659456K, used 261802K [0x0000000700000000, 0x0000000800000000)
  region size 2048K, 23 young (47104K), 23 survivors (47104K)
 Metaspace       used 143061K, committed 143936K, reserved 1179648K
  class space    used 19096K, committed 19520K, reserved 1048576K
}
Event: 216.738 GC heap before
{Heap before GC invocations=108 (full 0):
 garbage-first heap   total 659456K, used 280234K [0x0000000700000000, 0x0000000800000000)
  region size 2048K, 33 young (67584K), 23 survivors (47104K)
 Metaspace       used 143117K, committed 144000K, reserved 1179648K
  class space    used 19100K, committed 19520K, reserved 1048576K
}
Event: 216.820 GC heap after
{Heap after GC invocations=109 (full 0):
 garbage-first heap   total 659456K, used 265023K [0x0000000700000000, 0x0000000800000000)
  region size 2048K, 2 young (4096K), 2 survivors (4096K)
 Metaspace       used 143117K, committed 144000K, reserved 1179648K
  class space    used 19100K, committed 19520K, reserved 1048576K
}
Event: 227.858 GC heap before
{Heap before GC invocations=110 (full 0):
 garbage-first heap   total 659456K, used 541503K [0x0000000700000000, 0x0000000800000000)
  region size 2048K, 130 young (266240K), 2 survivors (4096K)
 Metaspace       used 147397K, committed 148352K, reserved 1179648K
  class space    used 19593K, committed 20032K, reserved 1048576K
}
Event: 227.871 GC heap after
{Heap after GC invocations=111 (full 0):
 garbage-first heap   total 659456K, used 265441K [0x0000000700000000, 0x0000000800000000)
  region size 2048K, 4 young (8192K), 4 survivors (8192K)
 Metaspace       used 147397K, committed 148352K, reserved 1179648K
  class space    used 19593K, committed 20032K, reserved 1048576K
}
Event: 254.287 GC heap before
{Heap before GC invocations=111 (full 0):
 garbage-first heap   total 659456K, used 287969K [0x0000000700000000, 0x0000000800000000)
  region size 2048K, 16 young (32768K), 4 survivors (8192K)
 Metaspace       used 150960K, committed 151936K, reserved 1187840K
  class space    used 20137K, committed 20608K, reserved 1048576K
}
Event: 254.308 GC heap after
{Heap after GC invocations=112 (full 0):
 garbage-first heap   total 659456K, used 217442K [0x0000000700000000, 0x0000000800000000)
  region size 2048K, 1 young (2048K), 1 survivors (2048K)
 Metaspace       used 150960K, committed 151936K, reserved 1187840K
  class space    used 20137K, committed 20608K, reserved 1048576K
}
Event: 254.967 GC heap before
{Heap before GC invocations=112 (full 0):
 garbage-first heap   total 659456K, used 235874K [0x0000000700000000, 0x0000000800000000)
  region size 2048K, 11 young (22528K), 1 survivors (2048K)
 Metaspace       used 155733K, committed 156672K, reserved 1187840K
  class space    used 20730K, committed 21184K, reserved 1048576K
}
Event: 254.974 GC heap after
{Heap after GC invocations=113 (full 0):
 garbage-first heap   total 659456K, used 218347K [0x0000000700000000, 0x0000000800000000)
  region size 2048K, 2 young (4096K), 2 survivors (4096K)
 Metaspace       used 155733K, committed 156672K, reserved 1187840K
  class space    used 20730K, committed 21184K, reserved 1048576K
}
Event: 263.608 GC heap before
{Heap before GC invocations=114 (full 0):
 garbage-first heap   total 628736K, used 517355K [0x0000000700000000, 0x0000000800000000)
  region size 2048K, 148 young (303104K), 2 survivors (4096K)
 Metaspace       used 159224K, committed 160192K, reserved 1187840K
  class space    used 21201K, committed 21632K, reserved 1048576K
}
Event: 263.621 GC heap after
{Heap after GC invocations=115 (full 0):
 garbage-first heap   total 628736K, used 179770K [0x0000000700000000, 0x0000000800000000)
  region size 2048K, 4 young (8192K), 4 survivors (8192K)
 Metaspace       used 159224K, committed 160192K, reserved 1187840K
  class space    used 21201K, committed 21632K, reserved 1048576K
}
Event: 275.654 GC heap before
{Heap before GC invocations=115 (full 0):
 garbage-first heap   total 628736K, used 470586K [0x0000000700000000, 0x0000000800000000)
  region size 2048K, 15 young (30720K), 4 survivors (8192K)
 Metaspace       used 160462K, committed 161472K, reserved 1196032K
  class space    used 21390K, committed 21824K, reserved 1048576K
}
Event: 275.667 GC heap after
{Heap after GC invocations=116 (full 0):
 garbage-first heap   total 628736K, used 150202K [0x0000000700000000, 0x0000000800000000)
  region size 2048K, 1 young (2048K), 1 survivors (2048K)
 Metaspace       used 160462K, committed 161472K, reserved 1196032K
  class space    used 21390K, committed 21824K, reserved 1048576K
}
Event: 2457.229 GC heap before
{Heap before GC invocations=116 (full 0):
 garbage-first heap   total 628736K, used 334522K [0x0000000700000000, 0x0000000800000000)
  region size 2048K, 93 young (190464K), 1 survivors (2048K)
 Metaspace       used 165551K, committed 166592K, reserved 1196032K
  class space    used 21814K, committed 22272K, reserved 1048576K
}
Event: 2457.471 GC heap after
{Heap after GC invocations=117 (full 0):
 garbage-first heap   total 628736K, used 159228K [0x0000000700000000, 0x0000000800000000)
  region size 2048K, 6 young (12288K), 6 survivors (12288K)
 Metaspace       used 165551K, committed 166592K, reserved 1196032K
  class space    used 21814K, committed 22272K, reserved 1048576K
}

